# JRE version: OpenJDK Runtime Environment (8.0_282-b08) (build 1.8.0_282-b08)
# Java VM: OpenJDK 64-Bit Server VM (25.282-b08 mixed mode windows-amd64 compressed oops)
Heap:
 PSYoungGen      total 141824K, used 6048K [0x000000076af00000, 0x000000077c400000, 0x00000007c0000000)
  eden space 131072K, 4% used [0x000000076af00000,0x000000076b4e8108,0x0000000772f00000)
  from space 10752K, 0% used [0x0000000772f00000,0x0000000772f00000,0x0000000773980000)
  to   space 10752K, 0% used [0x000000077b980000,0x000000077b980000,0x000000077c400000)
 ParOldGen       total 139264K, used 20471K [0x00000006c0c00000, 0x00000006c9400000, 0x000000076af00000)
  object space 139264K, 14% used [0x00000006c0c00000,0x00000006c1ffdf78,0x00000006c9400000)
 Metaspace       used 21184K, capacity 21506K, committed 21760K, reserved 1069056K
  class space    used 2688K, capacity 2765K, committed 2816K, reserved 1048576K
GC Heap History (8 events):
Event: 0.650 GC heap before
{Heap before GC invocations=1 (full 0):
 PSYoungGen      total 76288K, used 65536K [0x000000076af00000, 0x0000000770400000, 0x00000007c0000000)
  eden space 65536K, 100% used [0x000000076af00000,0x000000076ef00000,0x000000076ef00000)
  from space 10752K, 0% used [0x000000076f980000,0x000000076f980000,0x0000000770400000)
  to   space 10752K, 0% used [0x000000076ef00000,0x000000076ef00000,0x000000076f980000)
 ParOldGen       total 175104K, used 0K [0x00000006c0c00000, 0x00000006cb700000, 0x000000076af00000)
  object space 175104K, 0% used [0x00000006c0c00000,0x00000006c0c00000,0x00000006cb700000)
 Metaspace       used 8637K, capacity 8740K, committed 8832K, reserved 1056768K
  class space    used 1036K, capacity 1076K, committed 1152K, reserved 1048576K
Event: 0.659 GC heap after
Heap after GC invocations=1 (full 0):
 PSYoungGen      total 76288K, used 10726K [0x000000076af00000, 0x0000000774400000, 0x00000007c0000000)
  eden space 65536K, 0% used [0x000000076af00000,0x000000076af00000,0x000000076ef00000)
  from space 10752K, 99% used [0x000000076ef00000,0x000000076f979aa0,0x000000076f980000)
  to   space 10752K, 0% used [0x0000000773980000,0x0000000773980000,0x0000000774400000)
 ParOldGen       total 175104K, used 5436K [0x00000006c0c00000, 0x00000006cb700000, 0x000000076af00000)
  object space 175104K, 3% used [0x00000006c0c00000,0x00000006c114f3a8,0x00000006cb700000)
 Metaspace       used 8637K, capacity 8740K, committed 8832K, reserved 1056768K
  class space    used 1036K, capacity 1076K, committed 1152K, reserved 1048576K
}
Event: 1.302 GC heap before
{Heap before GC invocations=2 (full 0):
 PSYoungGen      total 76288K, used 76262K [0x000000076af00000, 0x0000000774400000, 0x00000007c0000000)
  eden space 65536K, 100% used [0x000000076af00000,0x000000076ef00000,0x000000076ef00000)
  from space 10752K, 99% used [0x000000076ef00000,0x000000076f979aa0,0x000000076f980000)
  to   space 10752K, 0% used [0x0000000773980000,0x0000000773980000,0x0000000774400000)
 ParOldGen       total 175104K, used 5436K [0x00000006c0c00000, 0x00000006cb700000, 0x000000076af00000)
  object space 175104K, 3% used [0x00000006c0c00000,0x00000006c114f3a8,0x00000006cb700000)
 Metaspace       used 15642K, capacity 15814K, committed 16000K, reserved 1062912K
  class space    used 2033K, capacity 2079K, committed 2176K, reserved 1048576K
Event: 1.314 GC heap after
Heap after GC invocations=2 (full 0):
 PSYoungGen      total 141824K, used 10744K [0x000000076af00000, 0x0000000774400000, 0x00000007c0000000)
  eden space 131072K, 0% used [0x000000076af00000,0x000000076af00000,0x0000000772f00000)
  from space 10752K, 99% used [0x0000000773980000,0x00000007743fe130,0x0000000774400000)
  to   space 10752K, 0% used [0x0000000772f00000,0x0000000772f00000,0x0000000773980000)
 ParOldGen       total 175104K, used 19645K [0x00000006c0c00000, 0x00000006cb700000, 0x000000076af00000)
  object space 175104K, 11% used [0x00000006c0c00000,0x00000006c1f2f5a0,0x00000006cb700000)
 Metaspace       used 15642K, capacity 15814K, committed 16000K, reserved 1062912K
  class space    used 2033K, capacity 2079K, committed 2176K, reserved 1048576K
}
Event: 2.316 GC heap before
{Heap before GC invocations=3 (full 0):
 PSYoungGen      total 141824K, used 67190K [0x000000076af00000, 0x0000000774400000, 0x00000007c0000000)
  eden space 131072K, 43% used [0x000000076af00000,0x000000076e61f780,0x0000000772f00000)
  from space 10752K, 99% used [0x0000000773980000,0x00000007743fe130,0x0000000774400000)
  to   space 10752K, 0% used [0x0000000772f00000,0x0000000772f00000,0x0000000773980000)
 ParOldGen       total 175104K, used 19645K [0x00000006c0c00000, 0x00000006cb700000, 0x000000076af00000)
  object space 175104K, 11% used [0x00000006c0c00000,0x00000006c1f2f5a0,0x00000006cb700000)
 Metaspace       used 20878K, capacity 21154K, committed 21248K, reserved 1067008K
  class space    used 2644K, capacity 2733K, committed 2816K, reserved 1048576K
Event: 2.326 GC heap after
Heap after GC invocations=3 (full 0):
 PSYoungGen      total 141824K, used 10745K [0x000000076af00000, 0x000000077c400000, 0x00000007c0000000)
  eden space 131072K, 0% used [0x000000076af00000,0x000000076af00000,0x0000000772f00000)
  from space 10752K, 99% used [0x0000000772f00000,0x000000077397e530,0x0000000773980000)
  to   space 10752K, 0% used [0x000000077b980000,0x000000077b980000,0x000000077c400000)
 ParOldGen       total 175104K, used 25521K [0x00000006c0c00000, 0x00000006cb700000, 0x000000076af00000)
  object space 175104K, 14% used [0x00000006c0c00000,0x00000006c24ec6c0,0x00000006cb700000)
 Metaspace       used 20878K, capacity 21154K, committed 21248K, reserved 1067008K
  class space    used 2644K, capacity 2733K, committed 2816K, reserved 1048576K
}
Event: 2.326 GC heap before
{Heap before GC invocations=4 (full 1):
 PSYoungGen      total 141824K, used 10745K [0x000000076af00000, 0x000000077c400000, 0x00000007c0000000)
  eden space 131072K, 0% used [0x000000076af00000,0x000000076af00000,0x0000000772f00000)
  from space 10752K, 99% used [0x0000000772f00000,0x000000077397e530,0x0000000773980000)
  to   space 10752K, 0% used [0x000000077b980000,0x000000077b980000,0x000000077c400000)
 ParOldGen       total 175104K, used 25521K [0x00000006c0c00000, 0x00000006cb700000, 0x000000076af00000)
  object space 175104K, 14% used [0x00000006c0c00000,0x00000006c24ec6c0,0x00000006cb700000)
 Metaspace       used 20878K, capacity 21154K, committed 21248K, reserved 1067008K
  class space    used 2644K, capacity 2733K, committed 2816K, reserved 1048576K
Event: 2.369 GC heap after
Heap after GC invocations=4 (full 1):
 PSYoungGen      total 141824K, used 0K [0x000000076af00000, 0x000000077c400000, 0x00000007c0000000)
  eden space 131072K, 0% used [0x000000076af00000,0x000000076af00000,0x0000000772f00000)
  from space 10752K, 0% used [0x0000000772f00000,0x0000000772f00000,0x0000000773980000)
  to   space 10752K, 0% used [0x000000077b980000,0x000000077b980000,0x000000077c400000)
 ParOldGen       total 139264K, used 20471K [0x00000006c0c00000, 0x00000006c9400000, 0x000000076af00000)
  object space 139264K, 14% used [0x00000006c0c00000,0x00000006c1ffdf78,0x00000006c9400000)
 Metaspace       used 20878K, capacity 21154K, committed 21248K, reserved 1067008K
  class space    used 2644K, capacity 2733K, committed 2816K, reserved 1048576K
}

