# JRE version: OpenJDK Runtime Environment (8.0_282-b08) (build 1.8.0_282-b08)
# Java VM: OpenJDK 64-Bit Server VM (25.282-b08 mixed mode windows-amd64 compressed oops)
Heap:
 PSYoungGen      total 141824K, used 6048K [0x000000076af00000, 0x000000077c400000, 0x00000007c0000000)
  eden space 131072K, 4% used [0x000000076af00000,0x000000076b4e8160,0x0000000772f00000)
  from space 10752K, 0% used [0x0000000772f00000,0x0000000772f00000,0x0000000773980000)
  to   space 10752K, 0% used [0x000000077b980000,0x000000077b980000,0x000000077c400000)
 ParOldGen       total 138240K, used 20488K [0x00000006c0c00000, 0x00000006c9300000, 0x000000076af00000)
  object space 138240K, 14% used [0x00000006c0c00000,0x00000006c2002130,0x00000006c9300000)
 Metaspace       used 21165K, capacity 21502K, committed 21760K, reserved 1069056K
  class space    used 2688K, capacity 2765K, committed 2816K, reserved 1048576K
GC Heap History (8 events):
Event: 0.650 GC heap before
{Heap before GC invocations=1 (full 0):
 PSYoungGen      total 76288K, used 65536K [0x000000076af00000, 0x0000000770400000, 0x00000007c0000000)
  eden space 65536K, 100% used [0x000000076af00000,0x000000076ef00000,0x000000076ef00000)
  from space 10752K, 0% used [0x000000076f980000,0x000000076f980000,0x0000000770400000)
  to   space 10752K, 0% used [0x000000076ef00000,0x000000076ef00000,0x000000076f980000)
 ParOldGen       total 175104K, used 0K [0x00000006c0c00000, 0x00000006cb700000, 0x000000076af00000)
  object space 175104K, 0% used [0x00000006c0c00000,0x00000006c0c00000,0x00000006cb700000)
 Metaspace       used 8634K, capacity 8736K, committed 8832K, reserved 1056768K
  class space    used 1036K, capacity 1076K, committed 1152K, reserved 1048576K
Event: 0.658 GC heap after
Heap after GC invocations=1 (full 0):
 PSYoungGen      total 76288K, used 10738K [0x000000076af00000, 0x0000000774400000, 0x00000007c0000000)
  eden space 65536K, 0% used [0x000000076af00000,0x000000076af00000,0x000000076ef00000)
  from space 10752K, 99% used [0x000000076ef00000,0x000000076f97c8d0,0x000000076f980000)
  to   space 10752K, 0% used [0x0000000773980000,0x0000000773980000,0x0000000774400000)
 ParOldGen       total 175104K, used 6003K [0x00000006c0c00000, 0x00000006cb700000, 0x000000076af00000)
  object space 175104K, 3% used [0x00000006c0c00000,0x00000006c11dced8,0x00000006cb700000)
 Metaspace       used 8634K, capacity 8736K, committed 8832K, reserved 1056768K
  class space    used 1036K, capacity 1076K, committed 1152K, reserved 1048576K
}
Event: 1.243 GC heap before
{Heap before GC invocations=2 (full 0):
 PSYoungGen      total 76288K, used 76274K [0x000000076af00000, 0x0000000774400000, 0x00000007c0000000)
  eden space 65536K, 100% used [0x000000076af00000,0x000000076ef00000,0x000000076ef00000)
  from space 10752K, 99% used [0x000000076ef00000,0x000000076f97c8d0,0x000000076f980000)
  to   space 10752K, 0% used [0x0000000773980000,0x0000000773980000,0x0000000774400000)
 ParOldGen       total 175104K, used 6003K [0x00000006c0c00000, 0x00000006cb700000, 0x000000076af00000)
  object space 175104K, 3% used [0x00000006c0c00000,0x00000006c11dced8,0x00000006cb700000)
 Metaspace       used 15633K, capacity 15746K, committed 16000K, reserved 1062912K
  class space    used 2030K, capacity 2079K, committed 2176K, reserved 1048576K
Event: 1.255 GC heap after
Heap after GC invocations=2 (full 0):
 PSYoungGen      total 141824K, used 10728K [0x000000076af00000, 0x0000000774400000, 0x00000007c0000000)
  eden space 131072K, 0% used [0x000000076af00000,0x000000076af00000,0x0000000772f00000)
  from space 10752K, 99% used [0x0000000773980000,0x00000007743fa140,0x0000000774400000)
  to   space 10752K, 0% used [0x0000000772f00000,0x0000000772f00000,0x0000000773980000)
 ParOldGen       total 175104K, used 19632K [0x00000006c0c00000, 0x00000006cb700000, 0x000000076af00000)
  object space 175104K, 11% used [0x00000006c0c00000,0x00000006c1f2c278,0x00000006cb700000)
 Metaspace       used 15633K, capacity 15746K, committed 16000K, reserved 1062912K
  class space    used 2030K, capacity 2079K, committed 2176K, reserved 1048576K
}
Event: 2.200 GC heap before
{Heap before GC invocations=3 (full 0):
 PSYoungGen      total 141824K, used 65865K [0x000000076af00000, 0x0000000774400000, 0x00000007c0000000)
  eden space 131072K, 42% used [0x000000076af00000,0x000000076e4d8680,0x0000000772f00000)
  from space 10752K, 99% used [0x0000000773980000,0x00000007743fa140,0x0000000774400000)
  to   space 10752K, 0% used [0x0000000772f00000,0x0000000772f00000,0x0000000773980000)
 ParOldGen       total 175104K, used 19632K [0x00000006c0c00000, 0x00000006cb700000, 0x000000076af00000)
  object space 175104K, 11% used [0x00000006c0c00000,0x00000006c1f2c278,0x00000006cb700000)
 Metaspace       used 20870K, capacity 21150K, committed 21248K, reserved 1067008K
  class space    used 2644K, capacity 2733K, committed 2816K, reserved 1048576K
Event: 2.209 GC heap after
Heap after GC invocations=3 (full 0):
 PSYoungGen      total 141824K, used 10728K [0x000000076af00000, 0x000000077c400000, 0x00000007c0000000)
  eden space 131072K, 0% used [0x000000076af00000,0x000000076af00000,0x0000000772f00000)
  from space 10752K, 99% used [0x0000000772f00000,0x000000077397a140,0x0000000773980000)
  to   space 10752K, 0% used [0x000000077b980000,0x000000077b980000,0x000000077c400000)
 ParOldGen       total 175104K, used 26149K [0x00000006c0c00000, 0x00000006cb700000, 0x000000076af00000)
  object space 175104K, 14% used [0x00000006c0c00000,0x00000006c2589460,0x00000006cb700000)
 Metaspace       used 20870K, capacity 21150K, committed 21248K, reserved 1067008K
  class space    used 2644K, capacity 2733K, committed 2816K, reserved 1048576K
}
Event: 2.209 GC heap before
{Heap before GC invocations=4 (full 1):
 PSYoungGen      total 141824K, used 10728K [0x000000076af00000, 0x000000077c400000, 0x00000007c0000000)
  eden space 131072K, 0% used [0x000000076af00000,0x000000076af00000,0x0000000772f00000)
  from space 10752K, 99% used [0x0000000772f00000,0x000000077397a140,0x0000000773980000)
  to   space 10752K, 0% used [0x000000077b980000,0x000000077b980000,0x000000077c400000)
 ParOldGen       total 175104K, used 26149K [0x00000006c0c00000, 0x00000006cb700000, 0x000000076af00000)
  object space 175104K, 14% used [0x00000006c0c00000,0x00000006c2589460,0x00000006cb700000)
 Metaspace       used 20870K, capacity 21150K, committed 21248K, reserved 1067008K
  class space    used 2644K, capacity 2733K, committed 2816K, reserved 1048576K
Event: 2.249 GC heap after
Heap after GC invocations=4 (full 1):
 PSYoungGen      total 141824K, used 0K [0x000000076af00000, 0x000000077c400000, 0x00000007c0000000)
  eden space 131072K, 0% used [0x000000076af00000,0x000000076af00000,0x0000000772f00000)
  from space 10752K, 0% used [0x0000000772f00000,0x0000000772f00000,0x0000000773980000)
  to   space 10752K, 0% used [0x000000077b980000,0x000000077b980000,0x000000077c400000)
 ParOldGen       total 138240K, used 20488K [0x00000006c0c00000, 0x00000006c9300000, 0x000000076af00000)
  object space 138240K, 14% used [0x00000006c0c00000,0x00000006c2002130,0x00000006c9300000)
 Metaspace       used 20870K, capacity 21150K, committed 21248K, reserved 1067008K
  class space    used 2644K, capacity 2733K, committed 2816K, reserved 1048576K
}

