# JRE version: OpenJDK Runtime Environment (8.0_282-b08) (build 1.8.0_282-b08)
# Java VM: OpenJDK 64-Bit Server VM (25.282-b08 mixed mode windows-amd64 compressed oops)
Heap:
 PSYoungGen      total 71680K, used 4062K [0x00000000d5900000, 0x00000000df700000, 0x0000000100000000)
  eden space 66560K, 6% used [0x00000000d5900000,0x00000000d5cf7960,0x00000000d9a00000)
  from space 5120K, 0% used [0x00000000d9a00000,0x00000000d9a00000,0x00000000d9f00000)
  to   space 14336K, 0% used [0x00000000de900000,0x00000000de900000,0x00000000df700000)
 ParOldGen       total 84992K, used 25100K [0x0000000080a00000, 0x0000000085d00000, 0x00000000d5900000)
  object space 84992K, 29% used [0x0000000080a00000,0x00000000822833d0,0x0000000085d00000)
 Metaspace       used 21187K, capacity 21440K, committed 21504K, reserved 1069056K
  class space    used 2677K, capacity 2754K, committed 2816K, reserved 1048576K
GC Heap History (10 events):
Event: 0.703 GC heap before
{Heap before GC invocations=2 (full 0):
 PSYoungGen      total 38400K, used 38380K [0x00000000d5900000, 0x00000000d8380000, 0x0000000100000000)
  eden space 33280K, 100% used [0x00000000d5900000,0x00000000d7980000,0x00000000d7980000)
  from space 5120K, 99% used [0x00000000d7980000,0x00000000d7e7b0f8,0x00000000d7e80000)
  to   space 5120K, 0% used [0x00000000d7e80000,0x00000000d7e80000,0x00000000d8380000)
 ParOldGen       total 87552K, used 1734K [0x0000000080a00000, 0x0000000085f80000, 0x00000000d5900000)
  object space 87552K, 1% used [0x0000000080a00000,0x0000000080bb1be0,0x0000000085f80000)
 Metaspace       used 8487K, capacity 8612K, committed 8832K, reserved 1056768K
  class space    used 1018K, capacity 1076K, committed 1152K, reserved 1048576K
Event: 0.716 GC heap after
Heap after GC invocations=2 (full 0):
 PSYoungGen      total 38400K, used 5088K [0x00000000d5900000, 0x00000000da400000, 0x0000000100000000)
  eden space 33280K, 0% used [0x00000000d5900000,0x00000000d5900000,0x00000000d7980000)
  from space 5120K, 99% used [0x00000000d7e80000,0x00000000d8378040,0x00000000d8380000)
  to   space 5120K, 0% used [0x00000000d7980000,0x00000000d7980000,0x00000000d7e80000)
 ParOldGen       total 87552K, used 11789K [0x0000000080a00000, 0x0000000085f80000, 0x00000000d5900000)
  object space 87552K, 13% used [0x0000000080a00000,0x0000000081583480,0x0000000085f80000)
 Metaspace       used 8487K, capacity 8612K, committed 8832K, reserved 1056768K
  class space    used 1018K, capacity 1076K, committed 1152K, reserved 1048576K
}
Event: 1.036 GC heap before
{Heap before GC invocations=3 (full 0):
 PSYoungGen      total 38400K, used 38368K [0x00000000d5900000, 0x00000000da400000, 0x0000000100000000)
  eden space 33280K, 100% used [0x00000000d5900000,0x00000000d7980000,0x00000000d7980000)
  from space 5120K, 99% used [0x00000000d7e80000,0x00000000d8378040,0x00000000d8380000)
  to   space 5120K, 0% used [0x00000000d7980000,0x00000000d7980000,0x00000000d7e80000)
 ParOldGen       total 87552K, used 11789K [0x0000000080a00000, 0x0000000085f80000, 0x00000000d5900000)
  object space 87552K, 13% used [0x0000000080a00000,0x0000000081583480,0x0000000085f80000)
 Metaspace       used 12012K, capacity 12112K, committed 12416K, reserved 1060864K
  class space    used 1513K, capacity 1558K, committed 1664K, reserved 1048576K
Event: 1.044 GC heap after
Heap after GC invocations=3 (full 0):
 PSYoungGen      total 38400K, used 5106K [0x00000000d5900000, 0x00000000da400000, 0x0000000100000000)
  eden space 33280K, 0% used [0x00000000d5900000,0x00000000d5900000,0x00000000d7980000)
  from space 5120K, 99% used [0x00000000d7980000,0x00000000d7e7caf0,0x00000000d7e80000)
  to   space 5120K, 0% used [0x00000000d9f00000,0x00000000d9f00000,0x00000000da400000)
 ParOldGen       total 87552K, used 18091K [0x0000000080a00000, 0x0000000085f80000, 0x00000000d5900000)
  object space 87552K, 20% used [0x0000000080a00000,0x0000000081baae88,0x0000000085f80000)
 Metaspace       used 12012K, capacity 12112K, committed 12416K, reserved 1060864K
  class space    used 1513K, capacity 1558K, committed 1664K, reserved 1048576K
}
Event: 1.475 GC heap before
{Heap before GC invocations=4 (full 0):
 PSYoungGen      total 38400K, used 38386K [0x00000000d5900000, 0x00000000da400000, 0x0000000100000000)
  eden space 33280K, 100% used [0x00000000d5900000,0x00000000d7980000,0x00000000d7980000)
  from space 5120K, 99% used [0x00000000d7980000,0x00000000d7e7caf0,0x00000000d7e80000)
  to   space 5120K, 0% used [0x00000000d9f00000,0x00000000d9f00000,0x00000000da400000)
 ParOldGen       total 87552K, used 18091K [0x0000000080a00000, 0x0000000085f80000, 0x00000000d5900000)
  object space 87552K, 20% used [0x0000000080a00000,0x0000000081baae88,0x0000000085f80000)
 Metaspace       used 16232K, capacity 16326K, committed 16512K, reserved 1062912K
  class space    used 2088K, capacity 2143K, committed 2176K, reserved 1048576K
Event: 1.483 GC heap after
Heap after GC invocations=4 (full 0):
 PSYoungGen      total 71680K, used 5104K [0x00000000d5900000, 0x00000000da400000, 0x0000000100000000)
  eden space 66560K, 0% used [0x00000000d5900000,0x00000000d5900000,0x00000000d9a00000)
  from space 5120K, 99% used [0x00000000d9f00000,0x00000000da3fc030,0x00000000da400000)
  to   space 5120K, 0% used [0x00000000d9a00000,0x00000000d9a00000,0x00000000d9f00000)
 ParOldGen       total 87552K, used 24337K [0x0000000080a00000, 0x0000000085f80000, 0x00000000d5900000)
  object space 87552K, 27% used [0x0000000080a00000,0x00000000821c4598,0x0000000085f80000)
 Metaspace       used 16232K, capacity 16326K, committed 16512K, reserved 1062912K
  class space    used 2088K, capacity 2143K, committed 2176K, reserved 1048576K
}
Event: 2.603 GC heap before
{Heap before GC invocations=5 (full 0):
 PSYoungGen      total 71680K, used 53619K [0x00000000d5900000, 0x00000000da400000, 0x0000000100000000)
  eden space 66560K, 72% used [0x00000000d5900000,0x00000000d8860f98,0x00000000d9a00000)
  from space 5120K, 99% used [0x00000000d9f00000,0x00000000da3fc030,0x00000000da400000)
  to   space 5120K, 0% used [0x00000000d9a00000,0x00000000d9a00000,0x00000000d9f00000)
 ParOldGen       total 87552K, used 24337K [0x0000000080a00000, 0x0000000085f80000, 0x00000000d5900000)
  object space 87552K, 27% used [0x0000000080a00000,0x00000000821c4598,0x0000000085f80000)
 Metaspace       used 20917K, capacity 21152K, committed 21248K, reserved 1067008K
  class space    used 2638K, capacity 2722K, committed 2816K, reserved 1048576K
Event: 2.614 GC heap after
Heap after GC invocations=5 (full 0):
 PSYoungGen      total 71680K, used 5104K [0x00000000d5900000, 0x00000000df700000, 0x0000000100000000)
  eden space 66560K, 0% used [0x00000000d5900000,0x00000000d5900000,0x00000000d9a00000)
  from space 5120K, 99% used [0x00000000d9a00000,0x00000000d9efc020,0x00000000d9f00000)
  to   space 14336K, 0% used [0x00000000de900000,0x00000000de900000,0x00000000df700000)
 ParOldGen       total 87552K, used 30180K [0x0000000080a00000, 0x0000000085f80000, 0x00000000d5900000)
  object space 87552K, 34% used [0x0000000080a00000,0x0000000082779380,0x0000000085f80000)
 Metaspace       used 20917K, capacity 21152K, committed 21248K, reserved 1067008K
  class space    used 2638K, capacity 2722K, committed 2816K, reserved 1048576K
}
Event: 2.614 GC heap before
{Heap before GC invocations=6 (full 1):
 PSYoungGen      total 71680K, used 5104K [0x00000000d5900000, 0x00000000df700000, 0x0000000100000000)
  eden space 66560K, 0% used [0x00000000d5900000,0x00000000d5900000,0x00000000d9a00000)
  from space 5120K, 99% used [0x00000000d9a00000,0x00000000d9efc020,0x00000000d9f00000)
  to   space 14336K, 0% used [0x00000000de900000,0x00000000de900000,0x00000000df700000)
 ParOldGen       total 87552K, used 30180K [0x0000000080a00000, 0x0000000085f80000, 0x00000000d5900000)
  object space 87552K, 34% used [0x0000000080a00000,0x0000000082779380,0x0000000085f80000)
 Metaspace       used 20917K, capacity 21152K, committed 21248K, reserved 1067008K
  class space    used 2638K, capacity 2722K, committed 2816K, reserved 1048576K
Event: 2.670 GC heap after
Heap after GC invocations=6 (full 1):
 PSYoungGen      total 71680K, used 0K [0x00000000d5900000, 0x00000000df700000, 0x0000000100000000)
  eden space 66560K, 0% used [0x00000000d5900000,0x00000000d5900000,0x00000000d9a00000)
  from space 5120K, 0% used [0x00000000d9a00000,0x00000000d9a00000,0x00000000d9f00000)
  to   space 14336K, 0% used [0x00000000de900000,0x00000000de900000,0x00000000df700000)
 ParOldGen       total 84992K, used 25100K [0x0000000080a00000, 0x0000000085d00000, 0x00000000d5900000)
  object space 84992K, 29% used [0x0000000080a00000,0x00000000822833d0,0x0000000085d00000)
 Metaspace       used 20917K, capacity 21152K, committed 21248K, reserved 1067008K
  class space    used 2638K, capacity 2722K, committed 2816K, reserved 1048576K
}

